Log file open, 01/03/21 06:21:22
LogInit: Display: Running engine for game: timecontrol
LogPlatformFile: Not using cached read wrapper
LogTaskGraph: Started task graph with 5 named threads and 35 total threads with 3 sets of task threads.
LogStats: Stats thread started at 0.208170
LogD3D11RHI: Loaded GFSDK_Aftermath_Lib.x64.dll
LogICUInternationalization: ICU TimeZone Detection - Raw Offset: +0:00, Platform Override: ''
LogPluginManager: Mounting plugin Paper2D
LogPluginManager: Mounting plugin AISupport
LogPluginManager: Mounting plugin LightPropagationVolume
LogPluginManager: Mounting plugin CameraShakePreviewer
LogPluginManager: Mounting plugin ActorLayerUtilities
LogPluginManager: Mounting plugin AnimationSharing
LogPluginManager: Mounting plugin CLionSourceCodeAccess
LogPluginManager: Mounting plugin CodeLiteSourceCodeAccess
LogPluginManager: Mounting plugin GitSourceControl
LogPluginManager: Mounting plugin KDevelopSourceCodeAccess
LogPluginManager: Mounting plugin NullSourceCodeAccess
LogPluginManager: Mounting plugin PerforceSourceControl
LogPluginManager: Mounting plugin PlasticSourceControl
LogPluginManager: Mounting plugin RiderSourceCodeAccess
LogPluginManager: Mounting plugin SubversionSourceControl
LogPluginManager: Mounting plugin UObjectPlugin
LogPluginManager: Mounting plugin VisualStudioCodeSourceCodeAccess
LogPluginManager: Mounting plugin VisualStudioSourceCodeAccess
LogPluginManager: Mounting plugin XCodeSourceCodeAccess
LogPluginManager: Mounting plugin AssetManagerEditor
LogPluginManager: Mounting plugin CryptoKeys
LogPluginManager: Mounting plugin CurveEditorTools
LogPluginManager: Mounting plugin DataValidation
LogPluginManager: Mounting plugin EditorScriptingUtilities
LogPluginManager: Mounting plugin FacialAnimation
LogPluginManager: Mounting plugin GameplayTagsEditor
LogPluginManager: Mounting plugin GeometryMode
LogPluginManager: Mounting plugin MacGraphicsSwitching
LogPluginManager: Mounting plugin MaterialAnalyzer
LogPluginManager: Mounting plugin MobileLauncherProfileWizard
LogPluginManager: Mounting plugin PluginBrowser
LogPluginManager: Mounting plugin SpeedTreeImporter
LogPluginManager: Mounting plugin DatasmithContent
LogPluginManager: Mounting plugin VariantManagerContent
LogPluginManager: Mounting plugin AlembicImporter
LogPluginManager: Mounting plugin AutomationUtils
LogPluginManager: Mounting plugin BackChannel
LogPluginManager: Mounting plugin ChaosCloth
LogPluginManager: Mounting plugin ChaosClothEditor
LogPluginManager: Mounting plugin ChaosEditor
LogPluginManager: Mounting plugin ChaosNiagara
LogPluginManager: Mounting plugin ChaosSolverPlugin
LogPluginManager: Mounting plugin CharacterAI
LogPluginManager: Mounting plugin GeometryCache
LogPluginManager: Mounting plugin GeometryCollectionPlugin
LogPluginManager: Mounting plugin GeometryProcessing
LogPluginManager: Mounting plugin PlanarCut
LogPluginManager: Mounting plugin PlatformCrypto
LogPluginManager: Mounting plugin ProxyLODPlugin
LogPluginManager: Mounting plugin SkeletalReduction
LogPluginManager: Mounting plugin Niagara
LogPluginManager: Mounting plugin MagicLeap
LogPluginManager: Mounting plugin MagicLeapLightEstimation
LogPluginManager: Mounting plugin MagicLeapMedia
LogPluginManager: Mounting plugin MagicLeapPassableWorld
LogPluginManager: Mounting plugin MLSDK
LogPluginManager: Mounting plugin AndroidMedia
LogPluginManager: Mounting plugin AvfMedia
LogPluginManager: Mounting plugin ImgMedia
LogPluginManager: Mounting plugin MediaCompositing
LogPluginManager: Mounting plugin MediaPlayerEditor
LogPluginManager: Mounting plugin WebMMedia
LogPluginManager: Mounting plugin WmfMedia
LogPluginManager: Mounting plugin MeshPainting
LogPluginManager: Mounting plugin TcpMessaging
LogPluginManager: Mounting plugin UdpMessaging
LogPluginManager: Mounting plugin ActorSequence
LogPluginManager: Mounting plugin LevelSequenceEditor
LogPluginManager: Mounting plugin MatineeToLevelSequence
LogPluginManager: Mounting plugin MovieRenderPipeline
LogPluginManager: Mounting plugin TemplateSequence
LogPluginManager: Mounting plugin NetcodeUnitTest
LogPluginManager: Mounting plugin NUTUnrealEngine4
LogPluginManager: Mounting plugin OnlineSubsystemGooglePlay
LogPluginManager: Mounting plugin OnlineSubsystemIOS
LogPluginManager: Mounting plugin OnlineSubsystem
LogPluginManager: Mounting plugin OnlineSubsystemNull
LogPluginManager: Mounting plugin OnlineSubsystemUtils
LogPluginManager: Mounting plugin LauncherChunkInstaller
LogPluginManager: Mounting plugin AndroidDeviceProfileSelector
LogPluginManager: Mounting plugin AndroidMoviePlayer
LogPluginManager: Mounting plugin AndroidPermission
LogPluginManager: Mounting plugin AppleImageUtils
LogPluginManager: Mounting plugin AppleMoviePlayer
LogPluginManager: Mounting plugin ArchVisCharacter
LogPluginManager: Mounting plugin AssetTags
LogPluginManager: Mounting plugin AudioCapture
LogPluginManager: Mounting plugin CableComponent
LogPluginManager: Mounting plugin CustomMeshComponent
LogPluginManager: Mounting plugin EditableMesh
LogPluginManager: Mounting plugin ExampleDeviceProfileSelector
LogPluginManager: Mounting plugin GoogleCloudMessaging
LogPluginManager: Mounting plugin GooglePAD
LogPluginManager: Mounting plugin IOSDeviceProfileSelector
LogPluginManager: Mounting plugin LinuxDeviceProfileSelector
LogPluginManager: Mounting plugin LocationServicesBPLibrary
LogPluginManager: Mounting plugin MobilePatchingUtils
LogPluginManager: Mounting plugin OculusVR
LogPluginManager: Mounting plugin PhysXVehicles
LogPluginManager: Mounting plugin PostSplashScreen
LogPluginManager: Mounting plugin ProceduralMeshComponent
LogPluginManager: Mounting plugin RuntimePhysXCooking
LogPluginManager: Mounting plugin SignificanceManager
LogPluginManager: Mounting plugin SoundFields
LogPluginManager: Mounting plugin SteamVR
LogPluginManager: Mounting plugin Synthesis
LogPluginManager: Mounting plugin WebMMoviePlayer
LogPluginManager: Mounting plugin WindowsMoviePlayer
LogPluginManager: Mounting plugin ScreenshotTools
LogInit: Using libcurl 7.55.1-DEV
LogInit:  - built for x86_64-pc-win32
LogInit:  - supports SSL with OpenSSL/1.1.1
LogInit:  - supports HTTP deflate (compression) using libz 1.2.8
LogInit:  - other features:
LogInit:      CURL_VERSION_SSL
LogInit:      CURL_VERSION_LIBZ
LogInit:      CURL_VERSION_IPV6
LogInit:      CURL_VERSION_ASYNCHDNS
LogInit:      CURL_VERSION_LARGEFILE
LogInit:      CURL_VERSION_IDN
LogInit:  CurlRequestOptions (configurable via config and command line):
LogInit:  - bVerifyPeer = true  - Libcurl will verify peer certificate
LogInit:  - bUseHttpProxy = false  - Libcurl will NOT use HTTP proxy
LogInit:  - bDontReuseConnections = false  - Libcurl will reuse connections
LogInit:  - MaxHostConnections = 16  - Libcurl will limit the number of connections to a host
LogInit:  - LocalHostAddr = Default
LogInit:  - BufferSize = 65536
LogOnline: OSS: Creating online subsystem instance for: NULL
LogInit: WinSock: version 1.1 (2.2), MaxSocks=32767, MaxUdp=65467
LogOnline: OSS: TryLoadSubsystemAndSetDefault: Loaded subsystem for module [NULL]
LogInit: Build: ++UE4+Release-4.25-CL-13942748
LogInit: Engine Version: 4.25.3-13942748+++UE4+Release-4.25
LogInit: Compatible Engine Version: 4.25.0-13144385+++UE4+Release-4.25
LogInit: Net CL: 13144385
LogInit: OS: Windows 10 (Release 1909) (), CPU: AMD Ryzen 5 2600X Six-Core Processor           , GPU: AMD Radeon RX 5700 XT
LogInit: Compiled (64-bit): Jul 25 2020 02:07:48
LogInit: Compiled with Visual C++: 19.24.28315.00
LogInit: Build Configuration: Development
LogInit: Branch Name: ++UE4+Release-4.25
LogInit: Command Line: 
LogInit: Base Directory: F:/UE/UE_4.25/Engine/Binaries/Win64/
LogInit: Allocator: TBB
LogInit: Installed Engine Build: 1
LogDevObjectVersion: Number of dev versions registered: 26
LogDevObjectVersion:   Dev-Blueprints (B0D832E4-1F89-4F0D-ACCF-7EB736FD4AA2): 10
LogDevObjectVersion:   Dev-Build (E1C64328-A22C-4D53-A36C-8E866417BD8C): 0
LogDevObjectVersion:   Dev-Core (375EC13C-06E4-48FB-B500-84F0262A717E): 4
LogDevObjectVersion:   Dev-Editor (E4B068ED-F494-42E9-A231-DA0B2E46BB41): 38
LogDevObjectVersion:   Dev-Framework (CFFC743F-43B0-4480-9391-14DF171D2073): 37
LogDevObjectVersion:   Dev-Mobile (B02B49B5-BB20-44E9-A304-32B752E40360): 2
LogDevObjectVersion:   Dev-Networking (A4E4105C-59A1-49B5-A7C5-40C4547EDFEE): 0
LogDevObjectVersion:   Dev-Online (39C831C9-5AE6-47DC-9A44-9C173E1C8E7C): 0
LogDevObjectVersion:   Dev-Physics (78F01B33-EBEA-4F98-B9B4-84EACCB95AA2): 4
LogDevObjectVersion:   Dev-Platform (6631380F-2D4D-43E0-8009-CF276956A95A): 0
LogDevObjectVersion:   Dev-Rendering (12F88B9F-8875-4AFC-A67C-D90C383ABD29): 43
LogDevObjectVersion:   Dev-Sequencer (7B5AE74C-D270-4C10-A958-57980B212A5A): 12
LogDevObjectVersion:   Dev-VR (D7296918-1DD6-4BDD-9DE2-64A83CC13884): 3
LogDevObjectVersion:   Dev-LoadTimes (C2A15278-BFE7-4AFE-6C17-90FF531DF755): 1
LogDevObjectVersion:   Private-Geometry (6EACA3D4-40EC-4CC1-B786-8BED09428FC5): 3
LogDevObjectVersion:   Dev-AnimPhys (29E575DD-E0A3-4627-9D10-D276232CDCEA): 17
LogDevObjectVersion:   Dev-Anim (AF43A65D-7FD3-4947-9873-3E8ED9C1BB05): 7
LogDevObjectVersion:   Dev-ReflectionCapture (6B266CEC-1EC7-4B8F-A30B-E4D90942FC07): 1
LogDevObjectVersion:   Dev-Automation (0DF73D61-A23F-47EA-B727-89E90C41499A): 1
LogDevObjectVersion:   FortniteMain (601D1886-AC64-4F84-AA16-D3DE0DEAC7D6): 31
LogDevObjectVersion:   Dev-Enterprise (9DFFBCD6-494F-0158-E221-12823C92A888): 10
LogDevObjectVersion:   Dev-Niagara (F2AED0AC-9AFE-416F-8664-AA7FFA26D6FC): 1
LogDevObjectVersion:   Dev-Destruction (174F1F0B-B4C6-45A5-B13F-2EE8D0FB917D): 10
LogDevObjectVersion:   Dev-Physics-Ext (35F94A83-E258-406C-A318-09F59610247C): 37
LogDevObjectVersion:   Dev-PhysicsMaterial-Chaos (B68FC16E-8B1B-42E2-B453-215C058844FE): 1
LogDevObjectVersion:   Dev-CineCamera (B2E18506-4273-CFC2-A54E-F4BB758BBA07): 1
LogInit: Presizing for max 25165824 objects, including 0 objects not considered by GC, pre-allocating 0 bytes for permanent pool.
LogConfig: Applying CVar settings from Section [/Script/Engine.StreamingSettings] File [D:/Game_Dev/timecontrol/Saved/Config/Windows/Engine.ini]
LogConfig: Setting CVar [[s.MinBulkDataSizeForAsyncLoading:131072]]
LogConfig: Setting CVar [[s.AsyncLoadingThreadEnabled:0]]
LogConfig: Setting CVar [[s.EventDrivenLoaderEnabled:1]]
LogConfig: Setting CVar [[s.WarnIfTimeLimitExceeded:0]]
LogConfig: Setting CVar [[s.TimeLimitExceededMultiplier:1.5]]
LogConfig: Setting CVar [[s.TimeLimitExceededMinTime:0.005]]
LogConfig: Setting CVar [[s.UseBackgroundLevelStreaming:1]]
LogConfig: Setting CVar [[s.PriorityAsyncLoadingExtraTime:15.0]]
LogConfig: Setting CVar [[s.LevelStreamingActorsUpdateTimeLimit:5.0]]
LogConfig: Setting CVar [[s.PriorityLevelStreamingActorsUpdateExtraTime:5.0]]
LogConfig: Setting CVar [[s.LevelStreamingComponentsRegistrationGranularity:10]]
LogConfig: Setting CVar [[s.UnregisterComponentsTimeLimit:1.0]]
LogConfig: Setting CVar [[s.LevelStreamingComponentsUnregistrationGranularity:5]]
LogConfig: Setting CVar [[s.FlushStreamingOnExit:1]]
LogInit: Object subsystem initialized
LogConfig: Setting CVar [[con.DebugEarlyDefault:1]]
LogConfig: Setting CVar [[r.setres:1280x720]]
[2021.01.03-06.21.22:346][  0]LogConfig: Setting CVar [[r.VSync:0]]
[2021.01.03-06.21.22:346][  0]LogConfig: Setting CVar [[r.RHICmdBypass:0]]
[2021.01.03-06.21.22:346][  0]LogConfig: Applying CVar settings from Section [/Script/Engine.RendererSettings] File [D:/Game_Dev/timecontrol/Saved/Config/Windows/Engine.ini]
[2021.01.03-06.21.22:346][  0]LogConfig: Setting CVar [[r.GPUCrashDebugging:0]]
[2021.01.03-06.21.22:346][  0]LogConfig: Applying CVar settings from Section [/Script/Engine.RendererOverrideSettings] File [D:/Game_Dev/timecontrol/Saved/Config/Windows/Engine.ini]
[2021.01.03-06.21.22:346][  0]LogConfig: Applying CVar settings from Section [/Script/Engine.StreamingSettings] File [D:/Game_Dev/timecontrol/Saved/Config/Windows/Engine.ini]
[2021.01.03-06.21.22:346][  0]LogConfig: Setting CVar [[s.MinBulkDataSizeForAsyncLoading:131072]]
[2021.01.03-06.21.22:346][  0]LogConfig: Setting CVar [[s.AsyncLoadingThreadEnabled:0]]
[2021.01.03-06.21.22:346][  0]LogConfig: Setting CVar [[s.EventDrivenLoaderEnabled:1]]
[2021.01.03-06.21.22:346][  0]LogConfig: Setting CVar [[s.WarnIfTimeLimitExceeded:0]]
[2021.01.03-06.21.22:346][  0]LogConfig: Setting CVar [[s.TimeLimitExceededMultiplier:1.5]]
[2021.01.03-06.21.22:346][  0]LogConfig: Setting CVar [[s.TimeLimitExceededMinTime:0.005]]
[2021.01.03-06.21.22:346][  0]LogConfig: Setting CVar [[s.UseBackgroundLevelStreaming:1]]
[2021.01.03-06.21.22:346][  0]LogConfig: Setting CVar [[s.PriorityAsyncLoadingExtraTime:15.0]]
[2021.01.03-06.21.22:346][  0]LogConfig: Setting CVar [[s.LevelStreamingActorsUpdateTimeLimit:5.0]]
[2021.01.03-06.21.22:346][  0]LogConfig: Setting CVar [[s.PriorityLevelStreamingActorsUpdateExtraTime:5.0]]
[2021.01.03-06.21.22:346][  0]LogConfig: Setting CVar [[s.LevelStreamingComponentsRegistrationGranularity:10]]
[2021.01.03-06.21.22:346][  0]LogConfig: Setting CVar [[s.UnregisterComponentsTimeLimit:1.0]]
[2021.01.03-06.21.22:346][  0]LogConfig: Setting CVar [[s.LevelStreamingComponentsUnregistrationGranularity:5]]
[2021.01.03-06.21.22:346][  0]LogConfig: Setting CVar [[s.FlushStreamingOnExit:1]]
[2021.01.03-06.21.22:346][  0]LogConfig: Applying CVar settings from Section [/Script/Engine.GarbageCollectionSettings] File [D:/Game_Dev/timecontrol/Saved/Config/Windows/Engine.ini]
[2021.01.03-06.21.22:346][  0]LogConfig: Setting CVar [[gc.MaxObjectsNotConsideredByGC:1]]
[2021.01.03-06.21.22:346][  0]LogConfig: Setting CVar [[gc.SizeOfPermanentObjectPool:0]]
[2021.01.03-06.21.22:346][  0]LogConfig: Setting CVar [[gc.FlushStreamingOnGC:0]]
[2021.01.03-06.21.22:346][  0]LogConfig: Setting CVar [[gc.NumRetriesBeforeForcingGC:10]]
[2021.01.03-06.21.22:346][  0]LogConfig: Setting CVar [[gc.AllowParallelGC:1]]
[2021.01.03-06.21.22:346][  0]LogConfig: Setting CVar [[gc.TimeBetweenPurgingPendingKillObjects:61.1]]
[2021.01.03-06.21.22:346][  0]LogConfig: Setting CVar [[gc.MaxObjectsInEditor:25165824]]
[2021.01.03-06.21.22:346][  0]LogConfig: Setting CVar [[gc.IncrementalBeginDestroyEnabled:1]]
[2021.01.03-06.21.22:346][  0]LogConfig: Setting CVar [[gc.CreateGCClusters:1]]
[2021.01.03-06.21.22:346][  0]LogConfig: Setting CVar [[gc.MinGCClusterSize:5]]
[2021.01.03-06.21.22:346][  0]LogConfig: Setting CVar [[gc.ActorClusteringEnabled:0]]
[2021.01.03-06.21.22:346][  0]LogConfig: Setting CVar [[gc.BlueprintClusteringEnabled:0]]
[2021.01.03-06.21.22:346][  0]LogConfig: Setting CVar [[gc.UseDisregardForGCOnDedicatedServers:0]]
[2021.01.03-06.21.22:346][  0]LogConfig: Applying CVar settings from Section [/Script/Engine.NetworkSettings] File [D:/Game_Dev/timecontrol/Saved/Config/Windows/Engine.ini]
[2021.01.03-06.21.22:346][  0]LogConfig: Applying CVar settings from Section [/Script/UnrealEd.CookerSettings] File [D:/Game_Dev/timecontrol/Saved/Config/Windows/Engine.ini]
[2021.01.03-06.21.22:349][  0]LogConfig: Applying CVar settings from Section [ViewDistanceQuality@3] File [D:/Game_Dev/timecontrol/Saved/Config/Windows/Scalability.ini]
[2021.01.03-06.21.22:349][  0]LogConfig: Setting CVar [[r.SkeletalMeshLODBias:0]]
[2021.01.03-06.21.22:349][  0]LogConfig: Setting CVar [[r.ViewDistanceScale:1.0]]
[2021.01.03-06.21.22:349][  0]LogConfig: Applying CVar settings from Section [AntiAliasingQuality@3] File [D:/Game_Dev/timecontrol/Saved/Config/Windows/Scalability.ini]
[2021.01.03-06.21.22:349][  0]LogConfig: Setting CVar [[r.PostProcessAAQuality:4]]
[2021.01.03-06.21.22:349][  0]LogConfig: Applying CVar settings from Section [ShadowQuality@3] File [D:/Game_Dev/timecontrol/Saved/Config/Windows/Scalability.ini]
[2021.01.03-06.21.22:349][  0]LogConfig: Setting CVar [[r.LightFunctionQuality:1]]
[2021.01.03-06.21.22:349][  0]LogConfig: Setting CVar [[r.ShadowQuality:5]]
[2021.01.03-06.21.22:349][  0]LogConfig: Setting CVar [[r.Shadow.CSM.MaxCascades:10]]
[2021.01.03-06.21.22:349][  0]LogConfig: Setting CVar [[r.Shadow.MaxResolution:2048]]
[2021.01.03-06.21.22:349][  0]LogConfig: Setting CVar [[r.Shadow.MaxCSMResolution:2048]]
[2021.01.03-06.21.22:349][  0]LogConfig: Setting CVar [[r.Shadow.RadiusThreshold:0.01]]
[2021.01.03-06.21.22:349][  0]LogConfig: Setting CVar [[r.Shadow.DistanceScale:1.0]]
[2021.01.03-06.21.22:349][  0]LogConfig: Setting CVar [[r.Shadow.CSM.TransitionScale:1.0]]
[2021.01.03-06.21.22:349][  0]LogConfig: Setting CVar [[r.Shadow.PreShadowResolutionFactor:1.0]]
[2021.01.03-06.21.22:349][  0]LogConfig: Setting CVar [[r.DistanceFieldShadowing:1]]
[2021.01.03-06.21.22:349][  0]LogConfig: Setting CVar [[r.DistanceFieldAO:1]]
[2021.01.03-06.21.22:349][  0]LogConfig: Setting CVar [[r.AOQuality:2]]
[2021.01.03-06.21.22:349][  0]LogConfig: Setting CVar [[r.VolumetricFog:1]]
[2021.01.03-06.21.22:349][  0]LogConfig: Setting CVar [[r.VolumetricFog.GridPixelSize:8]]
[2021.01.03-06.21.22:349][  0]LogConfig: Setting CVar [[r.VolumetricFog.GridSizeZ:128]]
[2021.01.03-06.21.22:349][  0]LogConfig: Setting CVar [[r.VolumetricFog.HistoryMissSupersampleCount:4]]
[2021.01.03-06.21.22:349][  0]LogConfig: Setting CVar [[r.LightMaxDrawDistanceScale:1]]
[2021.01.03-06.21.22:349][  0]LogConfig: Setting CVar [[r.CapsuleShadows:1]]
[2021.01.03-06.21.22:349][  0]LogConfig: Applying CVar settings from Section [PostProcessQuality@3] File [D:/Game_Dev/timecontrol/Saved/Config/Windows/Scalability.ini]
[2021.01.03-06.21.22:349][  0]LogConfig: Setting CVar [[r.MotionBlurQuality:4]]
[2021.01.03-06.21.22:349][  0]LogConfig: Setting CVar [[r.AmbientOcclusionMipLevelFactor:0.4]]
[2021.01.03-06.21.22:349][  0]LogConfig: Setting CVar [[r.AmbientOcclusionMaxQuality:100]]
[2021.01.03-06.21.22:349][  0]LogConfig: Setting CVar [[r.AmbientOcclusionLevels:-1]]
[2021.01.03-06.21.22:349][  0]LogConfig: Setting CVar [[r.AmbientOcclusionRadiusScale:1.0]]
[2021.01.03-06.21.22:349][  0]LogConfig: Setting CVar [[r.DepthOfFieldQuality:2]]
[2021.01.03-06.21.22:349][  0]LogConfig: Setting CVar [[r.RenderTargetPoolMin:400]]
[2021.01.03-06.21.22:349][  0]LogConfig: Setting CVar [[r.LensFlareQuality:2]]
[2021.01.03-06.21.22:349][  0]LogConfig: Setting CVar [[r.SceneColorFringeQuality:1]]
[2021.01.03-06.21.22:349][  0]LogConfig: Setting CVar [[r.EyeAdaptationQuality:2]]
[2021.01.03-06.21.22:349][  0]LogConfig: Setting CVar [[r.BloomQuality:5]]
[2021.01.03-06.21.22:349][  0]LogConfig: Setting CVar [[r.FastBlurThreshold:100]]
[2021.01.03-06.21.22:349][  0]LogConfig: Setting CVar [[r.Upscale.Quality:3]]
[2021.01.03-06.21.22:349][  0]LogConfig: Setting CVar [[r.Tonemapper.GrainQuantization:1]]
[2021.01.03-06.21.22:349][  0]LogConfig: Setting CVar [[r.LightShaftQuality:1]]
[2021.01.03-06.21.22:349][  0]LogConfig: Setting CVar [[r.Filter.SizeScale:1]]
[2021.01.03-06.21.22:349][  0]LogConfig: Setting CVar [[r.Tonemapper.Quality:5]]
[2021.01.03-06.21.22:349][  0]LogConfig: Setting CVar [[r.DOF.Gather.AccumulatorQuality:1        ; higher gathering accumulator quality]]
[2021.01.03-06.21.22:349][  0]LogConfig: Setting CVar [[r.DOF.Gather.PostfilterMethod:1          ; Median3x3 postfilering method]]
[2021.01.03-06.21.22:349][  0]LogConfig: Setting CVar [[r.DOF.Gather.EnableBokehSettings:0       ; no bokeh simulation when gathering]]
[2021.01.03-06.21.22:349][  0]LogConfig: Setting CVar [[r.DOF.Gather.RingCount:4                 ; medium number of samples when gathering]]
[2021.01.03-06.21.22:349][  0]LogConfig: Setting CVar [[r.DOF.Scatter.ForegroundCompositing:1    ; additive foreground scattering]]
[2021.01.03-06.21.22:349][  0]LogConfig: Setting CVar [[r.DOF.Scatter.BackgroundCompositing:2    ; additive background scattering]]
[2021.01.03-06.21.22:349][  0]LogConfig: Setting CVar [[r.DOF.Scatter.EnableBokehSettings:1      ; bokeh simulation when scattering]]
[2021.01.03-06.21.22:349][  0]LogConfig: Setting CVar [[r.DOF.Scatter.MaxSpriteRatio:0.1         ; only a maximum of 10% of scattered bokeh]]
[2021.01.03-06.21.22:349][  0]LogConfig: Setting CVar [[r.DOF.Recombine.Quality:1                ; cheap slight out of focus]]
[2021.01.03-06.21.22:349][  0]LogConfig: Setting CVar [[r.DOF.Recombine.EnableBokehSettings:0    ; no bokeh simulation on slight out of focus]]
[2021.01.03-06.21.22:349][  0]LogConfig: Setting CVar [[r.DOF.TemporalAAQuality:1                ; more stable temporal accumulation]]
[2021.01.03-06.21.22:349][  0]LogConfig: Setting CVar [[r.DOF.Kernel.MaxForegroundRadius:0.025]]
[2021.01.03-06.21.22:349][  0]LogConfig: Setting CVar [[r.DOF.Kernel.MaxBackgroundRadius:0.025]]
[2021.01.03-06.21.22:349][  0]LogConfig: Applying CVar settings from Section [TextureQuality@3] File [D:/Game_Dev/timecontrol/Saved/Config/Windows/Scalability.ini]
[2021.01.03-06.21.22:349][  0]LogConfig: Setting CVar [[r.Streaming.MipBias:0]]
[2021.01.03-06.21.22:349][  0]LogConfig: Setting CVar [[r.Streaming.AmortizeCPUToGPUCopy:0]]
[2021.01.03-06.21.22:349][  0]LogConfig: Setting CVar [[r.Streaming.MaxNumTexturesToStreamPerFrame:0]]
[2021.01.03-06.21.22:349][  0]LogConfig: Setting CVar [[r.Streaming.Boost:1]]
[2021.01.03-06.21.22:349][  0]LogConfig: Setting CVar [[r.MaxAnisotropy:8]]
[2021.01.03-06.21.22:349][  0]LogConfig: Setting CVar [[r.VT.MaxAnisotropy:8]]
[2021.01.03-06.21.22:349][  0]LogConfig: Setting CVar [[r.Streaming.LimitPoolSizeToVRAM:0]]
[2021.01.03-06.21.22:349][  0]LogConfig: Setting CVar [[r.Streaming.PoolSize:1000]]
[2021.01.03-06.21.22:349][  0]LogConfig: Setting CVar [[r.Streaming.MaxEffectiveScreenSize:0]]
[2021.01.03-06.21.22:349][  0]LogConfig: Applying CVar settings from Section [EffectsQuality@3] File [D:/Game_Dev/timecontrol/Saved/Config/Windows/Scalability.ini]
[2021.01.03-06.21.22:350][  0]LogConfig: Setting CVar [[r.TranslucencyLightingVolumeDim:64]]
[2021.01.03-06.21.22:350][  0]LogConfig: Setting CVar [[r.RefractionQuality:2]]
[2021.01.03-06.21.22:350][  0]LogConfig: Setting CVar [[r.SSR.Quality:3]]
[2021.01.03-06.21.22:350][  0]LogConfig: Setting CVar [[r.SSR.HalfResSceneColor:0]]
[2021.01.03-06.21.22:350][  0]LogConfig: Setting CVar [[r.SceneColorFormat:4]]
[2021.01.03-06.21.22:350][  0]LogConfig: Setting CVar [[r.DetailMode:2]]
[2021.01.03-06.21.22:350][  0]LogConfig: Setting CVar [[r.TranslucencyVolumeBlur:1]]
[2021.01.03-06.21.22:350][  0]LogConfig: Setting CVar [[r.MaterialQualityLevel:1 ; High quality]]
[2021.01.03-06.21.22:350][  0]LogConfig: Setting CVar [[r.SSS.Scale:1]]
[2021.01.03-06.21.22:350][  0]LogConfig: Setting CVar [[r.SSS.SampleSet:2]]
[2021.01.03-06.21.22:350][  0]LogConfig: Setting CVar [[r.SSS.Quality:1]]
[2021.01.03-06.21.22:350][  0]LogConfig: Setting CVar [[r.SSS.HalfRes:0]]
[2021.01.03-06.21.22:350][  0]LogConfig: Setting CVar [[r.SSGI.Quality:3]]
[2021.01.03-06.21.22:350][  0]LogConfig: Setting CVar [[r.EmitterSpawnRateScale:1.0]]
[2021.01.03-06.21.22:350][  0]LogConfig: Setting CVar [[r.ParticleLightQuality:2]]
[2021.01.03-06.21.22:350][  0]LogConfig: Setting CVar [[r.SkyAtmosphere.AerialPerspectiveLUT.FastApplyOnOpaque:1 ; Always have FastSkyLUT 1 in this case to avoid wrong sky]]
[2021.01.03-06.21.22:350][  0]LogConfig: Setting CVar [[r.SkyAtmosphere.AerialPerspectiveLUT.SampleCountPerSlice:1]]
[2021.01.03-06.21.22:350][  0]LogConfig: Setting CVar [[r.SkyAtmosphere.AerialPerspectiveLUT.DepthResolution:16.0]]
[2021.01.03-06.21.22:350][  0]LogConfig: Setting CVar [[r.SkyAtmosphere.FastSkyLUT:1]]
[2021.01.03-06.21.22:350][  0]LogConfig: Setting CVar [[r.SkyAtmosphere.FastSkyLUT.SampleCountMin:4.0]]
[2021.01.03-06.21.22:350][  0]LogConfig: Setting CVar [[r.SkyAtmosphere.FastSkyLUT.SampleCountMax:32.0]]
[2021.01.03-06.21.22:350][  0]LogConfig: Setting CVar [[r.SkyAtmosphere.SampleCountMin:4.0]]
[2021.01.03-06.21.22:350][  0]LogConfig: Setting CVar [[r.SkyAtmosphere.SampleCountMax:32.0]]
[2021.01.03-06.21.22:350][  0]LogConfig: Setting CVar [[r.SkyAtmosphere.TransmittanceLUT.UseSmallFormat:0]]
[2021.01.03-06.21.22:350][  0]LogConfig: Setting CVar [[r.SkyAtmosphere.TransmittanceLUT.SampleCount:10.0]]
[2021.01.03-06.21.22:350][  0]LogConfig: Setting CVar [[r.SkyAtmosphere.MultiScatteringLUT.SampleCount:15.0]]
[2021.01.03-06.21.22:350][  0]LogConfig: Applying CVar settings from Section [FoliageQuality@3] File [D:/Game_Dev/timecontrol/Saved/Config/Windows/Scalability.ini]
[2021.01.03-06.21.22:350][  0]LogConfig: Setting CVar [[foliage.DensityScale:1.0]]
[2021.01.03-06.21.22:350][  0]LogConfig: Setting CVar [[grass.DensityScale:1.0]]
[2021.01.03-06.21.22:350][  0]LogConfig: Applying CVar settings from Section [ShadingQuality@3] File [D:/Game_Dev/timecontrol/Saved/Config/Windows/Scalability.ini]
[2021.01.03-06.21.22:350][  0]LogConfig: Setting CVar [[r.HairStrands.SkyLighting.SampleCount:16]]
[2021.01.03-06.21.22:350][  0]LogConfig: Setting CVar [[r.HairStrands.SkyLighting.JitterIntegration:0]]
[2021.01.03-06.21.22:350][  0]LogConfig: Setting CVar [[r.HairStrands.SkyAO.SampleCount:16]]
[2021.01.03-06.21.22:350][  0]LogConfig: Setting CVar [[r.HairStrands.DeepShadow.SuperSampling:0]]
[2021.01.03-06.21.22:350][  0]LogConfig: Setting CVar [[r.HairStrands.VisibilityPPLL:0]]
[2021.01.03-06.21.22:350][  0]LogConfig: Setting CVar [[r.HairStrands.RasterizationScale:0.5]]
[2021.01.03-06.21.22:350][  0]LogConfig: Setting CVar [[r.HairStrands.VelocityRasterizationScale:1]]
[2021.01.03-06.21.22:350][  0]LogInit: Selected Device Profile: [Windows]
[2021.01.03-06.21.22:350][  0]LogInit: Applying CVar settings loaded from the selected device profile: [Windows]
[2021.01.03-06.21.22:350][  0]LogHAL: Display: Platform has ~ 16 GB [17125707776 / 17179869184 / 16], which maps to Larger [LargestMinGB=32, LargerMinGB=12, DefaultMinGB=8, SmallerMinGB=6, SmallestMinGB=0)
[2021.01.03-06.21.22:350][  0]LogInit: Going up to parent DeviceProfile []
[2021.01.03-06.21.22:350][  0]LogConfig: Applying CVar settings from Section [ViewDistanceQuality@3] File [D:/Game_Dev/timecontrol/Saved/Config/Windows/Scalability.ini]
[2021.01.03-06.21.22:350][  0]LogConfig: Setting CVar [[r.SkeletalMeshLODBias:0]]
[2021.01.03-06.21.22:350][  0]LogConfig: Setting CVar [[r.ViewDistanceScale:1.0]]
[2021.01.03-06.21.22:350][  0]LogConfig: Applying CVar settings from Section [AntiAliasingQuality@3] File [D:/Game_Dev/timecontrol/Saved/Config/Windows/Scalability.ini]
[2021.01.03-06.21.22:350][  0]LogConfig: Setting CVar [[r.PostProcessAAQuality:4]]
[2021.01.03-06.21.22:350][  0]LogConfig: Applying CVar settings from Section [ShadowQuality@3] File [D:/Game_Dev/timecontrol/Saved/Config/Windows/Scalability.ini]
[2021.01.03-06.21.22:350][  0]LogConfig: Setting CVar [[r.LightFunctionQuality:1]]
[2021.01.03-06.21.22:350][  0]LogConfig: Setting CVar [[r.ShadowQuality:5]]
[2021.01.03-06.21.22:350][  0]LogConfig: Setting CVar [[r.Shadow.CSM.MaxCascades:10]]
[2021.01.03-06.21.22:350][  0]LogConfig: Setting CVar [[r.Shadow.MaxResolution:2048]]
[2021.01.03-06.21.22:350][  0]LogConfig: Setting CVar [[r.Shadow.MaxCSMResolution:2048]]
[2021.01.03-06.21.22:350][  0]LogConfig: Setting CVar [[r.Shadow.RadiusThreshold:0.01]]
[2021.01.03-06.21.22:350][  0]LogConfig: Setting CVar [[r.Shadow.DistanceScale:1.0]]
[2021.01.03-06.21.22:350][  0]LogConfig: Setting CVar [[r.Shadow.CSM.TransitionScale:1.0]]
[2021.01.03-06.21.22:350][  0]LogConfig: Setting CVar [[r.Shadow.PreShadowResolutionFactor:1.0]]
[2021.01.03-06.21.22:350][  0]LogConfig: Setting CVar [[r.DistanceFieldShadowing:1]]
[2021.01.03-06.21.22:350][  0]LogConfig: Setting CVar [[r.DistanceFieldAO:1]]
[2021.01.03-06.21.22:350][  0]LogConfig: Setting CVar [[r.AOQuality:2]]
[2021.01.03-06.21.22:350][  0]LogConfig: Setting CVar [[r.VolumetricFog:1]]
[2021.01.03-06.21.22:350][  0]LogConfig: Setting CVar [[r.VolumetricFog.GridPixelSize:8]]
[2021.01.03-06.21.22:350][  0]LogConfig: Setting CVar [[r.VolumetricFog.GridSizeZ:128]]
[2021.01.03-06.21.22:350][  0]LogConfig: Setting CVar [[r.VolumetricFog.HistoryMissSupersampleCount:4]]
[2021.01.03-06.21.22:350][  0]LogConfig: Setting CVar [[r.LightMaxDrawDistanceScale:1]]
[2021.01.03-06.21.22:350][  0]LogConfig: Setting CVar [[r.CapsuleShadows:1]]
[2021.01.03-06.21.22:350][  0]LogConfig: Applying CVar settings from Section [PostProcessQuality@3] File [D:/Game_Dev/timecontrol/Saved/Config/Windows/Scalability.ini]
[2021.01.03-06.21.22:350][  0]LogConfig: Setting CVar [[r.MotionBlurQuality:4]]
[2021.01.03-06.21.22:350][  0]LogConfig: Setting CVar [[r.AmbientOcclusionMipLevelFactor:0.4]]
[2021.01.03-06.21.22:350][  0]LogConfig: Setting CVar [[r.AmbientOcclusionMaxQuality:100]]
[2021.01.03-06.21.22:350][  0]LogConfig: Setting CVar [[r.AmbientOcclusionLevels:-1]]
[2021.01.03-06.21.22:350][  0]LogConfig: Setting CVar [[r.AmbientOcclusionRadiusScale:1.0]]
[2021.01.03-06.21.22:350][  0]LogConfig: Setting CVar [[r.DepthOfFieldQuality:2]]
[2021.01.03-06.21.22:351][  0]LogConfig: Setting CVar [[r.RenderTargetPoolMin:400]]
[2021.01.03-06.21.22:351][  0]LogConfig: Setting CVar [[r.LensFlareQuality:2]]
[2021.01.03-06.21.22:351][  0]LogConfig: Setting CVar [[r.SceneColorFringeQuality:1]]
[2021.01.03-06.21.22:351][  0]LogConfig: Setting CVar [[r.EyeAdaptationQuality:2]]
[2021.01.03-06.21.22:351][  0]LogConfig: Setting CVar [[r.BloomQuality:5]]
[2021.01.03-06.21.22:351][  0]LogConfig: Setting CVar [[r.FastBlurThreshold:100]]
[2021.01.03-06.21.22:351][  0]LogConfig: Setting CVar [[r.Upscale.Quality:3]]
[2021.01.03-06.21.22:351][  0]LogConfig: Setting CVar [[r.Tonemapper.GrainQuantization:1]]
[2021.01.03-06.21.22:351][  0]LogConfig: Setting CVar [[r.LightShaftQuality:1]]
[2021.01.03-06.21.22:351][  0]LogConfig: Setting CVar [[r.Filter.SizeScale:1]]
[2021.01.03-06.21.22:351][  0]LogConfig: Setting CVar [[r.Tonemapper.Quality:5]]
[2021.01.03-06.21.22:351][  0]LogConfig: Setting CVar [[r.DOF.Gather.AccumulatorQuality:1        ; higher gathering accumulator quality]]
[2021.01.03-06.21.22:351][  0]LogConfig: Setting CVar [[r.DOF.Gather.PostfilterMethod:1          ; Median3x3 postfilering method]]
[2021.01.03-06.21.22:351][  0]LogConfig: Setting CVar [[r.DOF.Gather.EnableBokehSettings:0       ; no bokeh simulation when gathering]]
[2021.01.03-06.21.22:351][  0]LogConfig: Setting CVar [[r.DOF.Gather.RingCount:4                 ; medium number of samples when gathering]]
[2021.01.03-06.21.22:351][  0]LogConfig: Setting CVar [[r.DOF.Scatter.ForegroundCompositing:1    ; additive foreground scattering]]
[2021.01.03-06.21.22:351][  0]LogConfig: Setting CVar [[r.DOF.Scatter.BackgroundCompositing:2    ; additive background scattering]]
[2021.01.03-06.21.22:351][  0]LogConfig: Setting CVar [[r.DOF.Scatter.EnableBokehSettings:1      ; bokeh simulation when scattering]]
[2021.01.03-06.21.22:351][  0]LogConfig: Setting CVar [[r.DOF.Scatter.MaxSpriteRatio:0.1         ; only a maximum of 10% of scattered bokeh]]
[2021.01.03-06.21.22:351][  0]LogConfig: Setting CVar [[r.DOF.Recombine.Quality:1                ; cheap slight out of focus]]
[2021.01.03-06.21.22:351][  0]LogConfig: Setting CVar [[r.DOF.Recombine.EnableBokehSettings:0    ; no bokeh simulation on slight out of focus]]
[2021.01.03-06.21.22:351][  0]LogConfig: Setting CVar [[r.DOF.TemporalAAQuality:1                ; more stable temporal accumulation]]
[2021.01.03-06.21.22:351][  0]LogConfig: Setting CVar [[r.DOF.Kernel.MaxForegroundRadius:0.025]]
[2021.01.03-06.21.22:351][  0]LogConfig: Setting CVar [[r.DOF.Kernel.MaxBackgroundRadius:0.025]]
[2021.01.03-06.21.22:351][  0]LogConfig: Applying CVar settings from Section [TextureQuality@3] File [D:/Game_Dev/timecontrol/Saved/Config/Windows/Scalability.ini]
[2021.01.03-06.21.22:351][  0]LogConfig: Setting CVar [[r.Streaming.MipBias:0]]
[2021.01.03-06.21.22:351][  0]LogConfig: Setting CVar [[r.Streaming.AmortizeCPUToGPUCopy:0]]
[2021.01.03-06.21.22:351][  0]LogConfig: Setting CVar [[r.Streaming.MaxNumTexturesToStreamPerFrame:0]]
[2021.01.03-06.21.22:351][  0]LogConfig: Setting CVar [[r.Streaming.Boost:1]]
[2021.01.03-06.21.22:351][  0]LogConfig: Setting CVar [[r.MaxAnisotropy:8]]
[2021.01.03-06.21.22:351][  0]LogConfig: Setting CVar [[r.VT.MaxAnisotropy:8]]
[2021.01.03-06.21.22:351][  0]LogConfig: Setting CVar [[r.Streaming.LimitPoolSizeToVRAM:0]]
[2021.01.03-06.21.22:351][  0]LogConfig: Setting CVar [[r.Streaming.PoolSize:1000]]
[2021.01.03-06.21.22:351][  0]LogConfig: Setting CVar [[r.Streaming.MaxEffectiveScreenSize:0]]
[2021.01.03-06.21.22:351][  0]LogConfig: Applying CVar settings from Section [EffectsQuality@3] File [D:/Game_Dev/timecontrol/Saved/Config/Windows/Scalability.ini]
[2021.01.03-06.21.22:351][  0]LogConfig: Setting CVar [[r.TranslucencyLightingVolumeDim:64]]
[2021.01.03-06.21.22:351][  0]LogConfig: Setting CVar [[r.RefractionQuality:2]]
[2021.01.03-06.21.22:351][  0]LogConfig: Setting CVar [[r.SSR.Quality:3]]
[2021.01.03-06.21.22:351][  0]LogConfig: Setting CVar [[r.SSR.HalfResSceneColor:0]]
[2021.01.03-06.21.22:351][  0]LogConfig: Setting CVar [[r.SceneColorFormat:4]]
[2021.01.03-06.21.22:351][  0]LogConfig: Setting CVar [[r.DetailMode:2]]
[2021.01.03-06.21.22:351][  0]LogConfig: Setting CVar [[r.TranslucencyVolumeBlur:1]]
[2021.01.03-06.21.22:351][  0]LogConfig: Setting CVar [[r.MaterialQualityLevel:1 ; High quality]]
[2021.01.03-06.21.22:351][  0]LogConfig: Setting CVar [[r.SSS.Scale:1]]
[2021.01.03-06.21.22:351][  0]LogConfig: Setting CVar [[r.SSS.SampleSet:2]]
[2021.01.03-06.21.22:351][  0]LogConfig: Setting CVar [[r.SSS.Quality:1]]
[2021.01.03-06.21.22:351][  0]LogConfig: Setting CVar [[r.SSS.HalfRes:0]]
[2021.01.03-06.21.22:351][  0]LogConfig: Setting CVar [[r.SSGI.Quality:3]]
[2021.01.03-06.21.22:351][  0]LogConfig: Setting CVar [[r.EmitterSpawnRateScale:1.0]]
[2021.01.03-06.21.22:351][  0]LogConfig: Setting CVar [[r.ParticleLightQuality:2]]
[2021.01.03-06.21.22:351][  0]LogConfig: Setting CVar [[r.SkyAtmosphere.AerialPerspectiveLUT.FastApplyOnOpaque:1 ; Always have FastSkyLUT 1 in this case to avoid wrong sky]]
[2021.01.03-06.21.22:351][  0]LogConfig: Setting CVar [[r.SkyAtmosphere.AerialPerspectiveLUT.SampleCountPerSlice:1]]
[2021.01.03-06.21.22:351][  0]LogConfig: Setting CVar [[r.SkyAtmosphere.AerialPerspectiveLUT.DepthResolution:16.0]]
[2021.01.03-06.21.22:351][  0]LogConfig: Setting CVar [[r.SkyAtmosphere.FastSkyLUT:1]]
[2021.01.03-06.21.22:351][  0]LogConfig: Setting CVar [[r.SkyAtmosphere.FastSkyLUT.SampleCountMin:4.0]]
[2021.01.03-06.21.22:351][  0]LogConfig: Setting CVar [[r.SkyAtmosphere.FastSkyLUT.SampleCountMax:32.0]]
[2021.01.03-06.21.22:351][  0]LogConfig: Setting CVar [[r.SkyAtmosphere.SampleCountMin:4.0]]
[2021.01.03-06.21.22:351][  0]LogConfig: Setting CVar [[r.SkyAtmosphere.SampleCountMax:32.0]]
[2021.01.03-06.21.22:351][  0]LogConfig: Setting CVar [[r.SkyAtmosphere.TransmittanceLUT.UseSmallFormat:0]]
[2021.01.03-06.21.22:351][  0]LogConfig: Setting CVar [[r.SkyAtmosphere.TransmittanceLUT.SampleCount:10.0]]
[2021.01.03-06.21.22:351][  0]LogConfig: Setting CVar [[r.SkyAtmosphere.MultiScatteringLUT.SampleCount:15.0]]
[2021.01.03-06.21.22:351][  0]LogConfig: Applying CVar settings from Section [FoliageQuality@3] File [D:/Game_Dev/timecontrol/Saved/Config/Windows/Scalability.ini]
[2021.01.03-06.21.22:351][  0]LogConfig: Setting CVar [[foliage.DensityScale:1.0]]
[2021.01.03-06.21.22:351][  0]LogConfig: Setting CVar [[grass.DensityScale:1.0]]
[2021.01.03-06.21.22:351][  0]LogConfig: Applying CVar settings from Section [ShadingQuality@3] File [D:/Game_Dev/timecontrol/Saved/Config/Windows/Scalability.ini]
[2021.01.03-06.21.22:351][  0]LogConfig: Setting CVar [[r.HairStrands.SkyLighting.SampleCount:16]]
[2021.01.03-06.21.22:351][  0]LogConfig: Setting CVar [[r.HairStrands.SkyLighting.JitterIntegration:0]]
[2021.01.03-06.21.22:351][  0]LogConfig: Setting CVar [[r.HairStrands.SkyAO.SampleCount:16]]
[2021.01.03-06.21.22:351][  0]LogConfig: Setting CVar [[r.HairStrands.DeepShadow.SuperSampling:0]]
[2021.01.03-06.21.22:351][  0]LogConfig: Setting CVar [[r.HairStrands.VisibilityPPLL:0]]
[2021.01.03-06.21.22:351][  0]LogConfig: Setting CVar [[r.HairStrands.RasterizationScale:0.5]]
[2021.01.03-06.21.22:351][  0]LogConfig: Setting CVar [[r.HairStrands.VelocityRasterizationScale:1]]
[2021.01.03-06.21.22:351][  0]LogConfig: Applying CVar settings from Section [Startup] File [../../../Engine/Config/ConsoleVariables.ini]
[2021.01.03-06.21.22:352][  0]LogConfig: Setting CVar [[net.UseAdaptiveNetUpdateFrequency:0]]
[2021.01.03-06.21.22:352][  0]LogConfig: Setting CVar [[p.chaos.AllowCreatePhysxBodies:1]]
[2021.01.03-06.21.22:352][  0]LogConfig: Setting CVar [[fx.SkipVectorVMBackendOptimizations:1]]
[2021.01.03-06.21.22:352][  0]LogConfig: Applying CVar settings from Section [ConsoleVariables] File [D:/Game_Dev/timecontrol/Saved/Config/Windows/Engine.ini]
[2021.01.03-06.21.22:352][  0]LogInit: Computer: DESKTOP-CG7GTL0
[2021.01.03-06.21.22:352][  0]LogInit: User: Zac
[2021.01.03-06.21.22:352][  0]LogInit: CPU Page size=4096, Cores=6
[2021.01.03-06.21.22:352][  0]LogInit: High frequency timer resolution =10.000000 MHz
[2021.01.03-06.21.22:352][  0]LogMemory: Memory total: Physical=15.9GB (16GB approx)
[2021.01.03-06.21.22:352][  0]LogMemory: Platform Memory Stats for Windows
[2021.01.03-06.21.22:352][  0]LogMemory: Process Physical Memory: 115.49 MB used, 115.50 MB peak
[2021.01.03-06.21.22:352][  0]LogMemory: Process Virtual Memory: 97.25 MB used, 97.25 MB peak
[2021.01.03-06.21.22:352][  0]LogMemory: Physical Memory: 6393.84 MB used,  9938.51 MB free, 16332.35 MB total
[2021.01.03-06.21.22:352][  0]LogMemory: Virtual Memory: 5164.90 MB used,  134212560.00 MB free, 134217728.00 MB total
[2021.01.03-06.21.22:357][  0]LogWindows: WindowsPlatformFeatures enabled
[2021.01.03-06.21.22:393][  0]LogInit: Physics initialised using underlying interface: PhysX
[2021.01.03-06.21.22:394][  0]LogInit: Using OS detected language (en-GB).
[2021.01.03-06.21.22:394][  0]LogInit: Using OS detected locale (en-GB).
[2021.01.03-06.21.22:396][  0]LogTextLocalizationManager: No specific localization for 'en-GB' exists, so the 'en' localization will be used.
[2021.01.03-06.21.22:608][  0]LogInit: Setting process to per monitor DPI aware
[2021.01.03-06.21.22:654][  0]LogSlate: New Slate User Created.  User Index 0, Is Virtual User: 0
[2021.01.03-06.21.22:654][  0]LogSlate: Slate User Registered.  User Index 0, Is Virtual User: 0
[2021.01.03-06.21.22:901][  0]LogHMD: Failed to initialize OpenVR with code 110
[2021.01.03-06.21.22:901][  0]LogD3D11RHI: D3D11 min allowed feature level: 11_0
[2021.01.03-06.21.22:901][  0]LogD3D11RHI: D3D11 max allowed feature level: 11_0
[2021.01.03-06.21.22:901][  0]LogD3D11RHI: D3D11 adapters:
[2021.01.03-06.21.22:936][  0]LogD3D11RHI:    0. 'AMD Radeon RX 5700 XT' (Feature Level 11_0)
[2021.01.03-06.21.22:936][  0]LogD3D11RHI:       8152/0/8166 MB DedicatedVideo/DedicatedSystem/SharedSystem, Outputs:1, VendorId:0x1002
[2021.01.03-06.21.22:939][  0]LogD3D11RHI:    1. 'Microsoft Basic Render Driver' (Feature Level 11_0)
[2021.01.03-06.21.22:939][  0]LogD3D11RHI:       0/0/8166 MB DedicatedVideo/DedicatedSystem/SharedSystem, Outputs:0, VendorId:0x1414
[2021.01.03-06.21.22:939][  0]LogD3D11RHI: Chosen D3D11 Adapter: 0
[2021.01.03-06.21.22:947][  0]LogD3D11RHI: Creating new Direct3DDevice
[2021.01.03-06.21.22:947][  0]LogD3D11RHI:     GPU DeviceId: 0x731f (for the marketing name, search the web for "GPU Device Id")
[2021.01.03-06.21.22:947][  0]LogWindows: EnumDisplayDevices:
[2021.01.03-06.21.22:947][  0]LogWindows:    0. 'AMD Radeon RX 5700 XT' (P:1 D:1)
[2021.01.03-06.21.22:948][  0]LogWindows:    1. 'AMD Radeon RX 5700 XT' (P:0 D:0)
[2021.01.03-06.21.22:948][  0]LogWindows:    2. 'AMD Radeon RX 5700 XT' (P:0 D:0)
[2021.01.03-06.21.22:948][  0]LogWindows:    3. 'AMD Radeon RX 5700 XT' (P:0 D:0)
[2021.01.03-06.21.22:948][  0]LogWindows:    4. 'AMD Radeon RX 5700 XT' (P:0 D:0)
[2021.01.03-06.21.22:949][  0]LogWindows:    5. 'AMD Radeon RX 5700 XT' (P:0 D:0)
[2021.01.03-06.21.22:949][  0]LogWindows:    6. 'AMD Radeon RX 5700 XT' (P:0 D:0)
[2021.01.03-06.21.22:949][  0]LogWindows:    7. 'AMD Radeon RX 5700 XT' (P:0 D:0)
[2021.01.03-06.21.22:950][  0]LogWindows: DebugString: FoundDriverCount:8 
[2021.01.03-06.21.22:950][  0]LogD3D11RHI:     Adapter Name: AMD Radeon RX 5700 XT
[2021.01.03-06.21.22:950][  0]LogD3D11RHI:   Driver Version: Adrenalin 2020 20.12.1 (internal:27.20.14501.28009, unified:27.20.14501.28009)
[2021.01.03-06.21.22:950][  0]LogD3D11RHI:      Driver Date: 12-4-2020
[2021.01.03-06.21.22:950][  0]LogRHI: Texture pool is 4850 MB (70% of 6929 MB)
[2021.01.03-06.21.23:012][  0]LogD3D11RHI: RHI has support for 64 bit atomics
[2021.01.03-06.21.23:012][  0]LogD3D11RHI: Async texture creation enabled
[2021.01.03-06.21.23:012][  0]LogD3D11RHI: Array index from any shader is supported
[2021.01.03-06.21.23:026][  0]LogD3D11RHI: GPU Timing Frequency: 100.000000 (Debug: 2 1)
[2021.01.03-06.21.23:310][  0]LogTargetPlatformManager: Display: Loaded TargetPlatform 'AllDesktop'
[2021.01.03-06.21.23:332][  0]LogTargetPlatformManager: Display: Loaded TargetPlatform 'Android'
[2021.01.03-06.21.23:332][  0]LogTargetPlatformManager: Display: Loaded TargetPlatform 'Android_ASTC'
[2021.01.03-06.21.23:332][  0]LogTargetPlatformManager: Display: Loaded TargetPlatform 'Android_DXT'
[2021.01.03-06.21.23:332][  0]LogTargetPlatformManager: Display: Loaded TargetPlatform 'Android_ETC2'
[2021.01.03-06.21.23:332][  0]LogTargetPlatformManager: Display: Loaded TargetPlatform 'AndroidClient'
[2021.01.03-06.21.23:332][  0]LogTargetPlatformManager: Display: Loaded TargetPlatform 'Android_ASTCClient'
[2021.01.03-06.21.23:332][  0]LogTargetPlatformManager: Display: Loaded TargetPlatform 'Android_DXTClient'
[2021.01.03-06.21.23:332][  0]LogTargetPlatformManager: Display: Loaded TargetPlatform 'Android_ETC2Client'
[2021.01.03-06.21.23:332][  0]LogTargetPlatformManager: Display: Loaded TargetPlatform 'Android_Multi'
[2021.01.03-06.21.23:332][  0]LogTargetPlatformManager: Display: Loaded TargetPlatform 'Android_MultiClient'
[2021.01.03-06.21.23:357][  0]LogTargetPlatformManager: Display: Loaded TargetPlatform 'IOSClient'
[2021.01.03-06.21.23:357][  0]LogTargetPlatformManager: Display: Loaded TargetPlatform 'IOS'
[2021.01.03-06.21.23:368][  0]LogTargetPlatformManager: Display: Loaded TargetPlatform 'Linux'
[2021.01.03-06.21.23:378][  0]LogTargetPlatformManager: Display: Loaded TargetPlatform 'LinuxNoEditor'
[2021.01.03-06.21.23:388][  0]LogTargetPlatformManager: Display: Loaded TargetPlatform 'LinuxClient'
[2021.01.03-06.21.23:397][  0]LogTargetPlatformManager: Display: Loaded TargetPlatform 'LinuxServer'
[2021.01.03-06.21.23:407][  0]LogTargetPlatformManager: Display: Loaded TargetPlatform 'LinuxAArch64NoEditor'
[2021.01.03-06.21.23:416][  0]LogTargetPlatformManager: Display: Loaded TargetPlatform 'LinuxAArch64Client'
[2021.01.03-06.21.23:426][  0]LogTargetPlatformManager: Display: Loaded TargetPlatform 'LinuxAArch64Server'
[2021.01.03-06.21.23:452][  0]LogTargetPlatformManager: Display: Loaded TargetPlatform 'Lumin'
[2021.01.03-06.21.23:452][  0]LogTargetPlatformManager: Display: Loaded TargetPlatform 'LuminClient'
[2021.01.03-06.21.23:468][  0]LogTargetPlatformManager: Display: Loaded TargetPlatform 'TVOSClient'
[2021.01.03-06.21.23:468][  0]LogTargetPlatformManager: Display: Loaded TargetPlatform 'TVOS'
[2021.01.03-06.21.23:478][  0]LogTargetPlatformManager: Display: Loaded TargetPlatform 'WindowsNoEditor'
[2021.01.03-06.21.23:491][  0]LogTargetPlatformManager: Display: Loaded TargetPlatform 'Windows'
[2021.01.03-06.21.23:500][  0]LogTargetPlatformManager: Display: Loaded TargetPlatform 'WindowsClient'
[2021.01.03-06.21.23:510][  0]LogTargetPlatformManager: Display: Loaded TargetPlatform 'WindowsServer'
[2021.01.03-06.21.23:510][  0]LogTargetPlatformManager: Display: Building Assets For Windows
[2021.01.03-06.21.23:520][  0]LogAudioDebug: Display: Lib vorbis DLL was dynamically loaded.
[2021.01.03-06.21.23:585][  0]LogShaderCompilers: Guid format shader working directory is 21 characters bigger than the processId version (D:/Game_Dev/timecontrol/Intermediate/Shaders/WorkingDirectory/8480/).
[2021.01.03-06.21.23:585][  0]LogShaderCompilers: Cleaned the shader compiler working directory 'C:/Users/Zac/AppData/Local/Temp/UnrealShaderWorkingDir/8346985344E4CE3054D9C68518C83ECF/'.
[2021.01.03-06.21.23:586][  0]LogXGEController: Cleaning working directory: C:/Users/Zac/AppData/Local/Temp/UnrealXGEWorkingDir/
[2021.01.03-06.21.23:586][  0]LogXGEController: Cannot use XGE Controller as Incredibuild is not installed on this machine.
[2021.01.03-06.21.23:586][  0]LogShaderCompilers: Cannot use XGE Shader Compiler as Incredibuild is not installed on this machine.
[2021.01.03-06.21.23:586][  0]LogShaderCompilers: Display: Using Local Shader Compiler.
[2021.01.03-06.21.24:390][  0]LogDerivedDataCache: Display: Max Cache Size: 512 MB
[2021.01.03-06.21.24:435][  0]LogDerivedDataCache: Loaded boot cache 0.05s 75MB C:/Users/Zac/AppData/Local/UnrealEngine/4.25/DerivedDataCache/Boot.ddc.
[2021.01.03-06.21.24:435][  0]LogDerivedDataCache: Display: Loaded Boot cache: C:/Users/Zac/AppData/Local/UnrealEngine/4.25/DerivedDataCache/Boot.ddc
[2021.01.03-06.21.24:436][  0]LogDerivedDataCache: FDerivedDataBackendGraph:  Pak pak cache file D:/Game_Dev/timecontrol/DerivedDataCache/DDC.ddp not found, will not use a pak cache.
[2021.01.03-06.21.24:436][  0]LogDerivedDataCache: Unable to find inner node Pak for hierarchical cache Hierarchy.
[2021.01.03-06.21.24:436][  0]LogDerivedDataCache: FDerivedDataBackendGraph:  CompressedPak pak cache file D:/Game_Dev/timecontrol/DerivedDataCache/Compressed.ddp not found, will not use a pak cache.
[2021.01.03-06.21.24:436][  0]LogDerivedDataCache: Unable to find inner node CompressedPak for hierarchical cache Hierarchy.
[2021.01.03-06.21.24:446][  0]LogDerivedDataCache: Display: Pak cache opened for reading ../../../Engine/DerivedDataCache/Compressed.ddp.
[2021.01.03-06.21.24:446][  0]LogDerivedDataCache: FDerivedDataBackendGraph:  EnterprisePak pak cache file ../../../Enterprise/DerivedDataCache/Compressed.ddp not found, will not use a pak cache.
[2021.01.03-06.21.24:446][  0]LogDerivedDataCache: Unable to find inner node EnterprisePak for hierarchical cache Hierarchy.
[2021.01.03-06.21.24:447][  0]LogDerivedDataCache: Using Local data cache path C:/Users/Zac/AppData/Local/UnrealEngine/Common/DerivedDataCache: Writable
[2021.01.03-06.21.24:448][  0]LogDerivedDataCache: Shared data cache path not found in *engine.ini, will not use an Shared cache.
[2021.01.03-06.21.24:448][  0]LogDerivedDataCache: Unable to find inner node Shared for hierarchical cache Hierarchy.
[2021.01.03-06.21.24:495][  0]LogSlate: Using FreeType 2.10.0
[2021.01.03-06.21.24:496][  0]LogSlate: SlateFontServices - WITH_FREETYPE: 1, WITH_HARFBUZZ: 1
[2021.01.03-06.21.24:526][  0]LogAssetRegistry: FAssetRegistry took 0.0057 seconds to start up
[2021.01.03-06.21.24:753][  0]LogInit: Selected Device Profile: [Windows]
[2021.01.03-06.21.24:895][  0]LogMeshReduction: Using QuadricMeshReduction for automatic static mesh reduction
[2021.01.03-06.21.24:895][  0]LogMeshReduction: Using SimplygonMeshReduction for automatic skeletal mesh reduction
[2021.01.03-06.21.24:895][  0]LogMeshReduction: Using ProxyLODMeshReduction for automatic mesh merging
[2021.01.03-06.21.24:895][  0]LogMeshReduction: No distributed automatic mesh merging module available
[2021.01.03-06.21.24:895][  0]LogMeshMerging: No distributed automatic mesh merging module available
[2021.01.03-06.21.24:911][  0]LogNetVersion: timecontrol 1.0.0, NetCL: 13144385, EngineNetVer: 14, GameNetVer: 0 (Checksum: 522066716)
[2021.01.03-06.21.25:361][  0]LogAISub: UAISubsystem::UAISubsystem AISubsystem (000001BD12D11B40), frame # 0
[2021.01.03-06.21.25:361][  0]LogAISub: UAISubsystem::UAISubsystem AIPerceptionSystem (000001BD13C56AC0), frame # 0
[2021.01.03-06.21.25:362][  0]LogAISub: UAISubsystem::UAISubsystem EnvQueryManager (000001BD12CC1E00), frame # 0
[2021.01.03-06.21.26:300][  0]LogPackageLocalizationCache: Processed 19 localized package path(s) for 1 prioritized culture(s) in 0.931641 seconds
[2021.01.03-06.21.26:305][  0]LogUObjectArray: 15917 objects as part of root set at end of initial load.
[2021.01.03-06.21.26:305][  0]LogUObjectAllocator: 3965568 out of 0 bytes used by permanent object pool.
[2021.01.03-06.21.26:305][  0]LogUObjectArray: CloseDisregardForGC: 0/0 objects in disregard for GC pool
[2021.01.03-06.21.26:721][  0]LogTcpMessaging: Initializing TcpMessaging bridge
[2021.01.03-06.21.26:726][  0]LogUdpMessaging: Initializing bridge on interface 0.0.0.0:0 to multicast group 230.0.0.1:6666.
[2021.01.03-06.21.26:842][  0]SourceControl: Source control is disabled
[2021.01.03-06.21.26:842][  0]SourceControl: Source control is disabled
[2021.01.03-06.21.26:846][  0]SourceControl: Source control is disabled
[2021.01.03-06.21.26:849][  0]SourceControl: Source control is disabled
[2021.01.03-06.21.26:856][  0]SourceControl: Source control is disabled
[2021.01.03-06.21.27:140][  0]LogAndroidPermission: UAndroidPermissionCallbackProxy::GetInstance
[2021.01.03-06.21.27:165][  0]LogAudioCaptureCore: Display: No Audio Capture implementations found. Audio input will be silent.
[2021.01.03-06.21.27:165][  0]LogAudioCaptureCore: Display: No Audio Capture implementations found. Audio input will be silent.
[2021.01.03-06.21.27:218][  0]LogOcInput: OculusInput pre-init called
[2021.01.03-06.21.27:230][  0]LogWindows: Failed to load 'OVRPlugin.dll' (GetLastError=126)
[2021.01.03-06.21.27:230][  0]LogWindows: File 'OVRPlugin.dll' does not exist
[2021.01.03-06.21.27:296][  0]LogEngine: Initializing Engine...
[2021.01.03-06.21.27:297][  0]LogHMD: Failed to initialize OpenVR with code 110
[2021.01.03-06.21.27:297][  0]LogMagicLeap: Warning: VR disabled because ZI is not enabled.  To enable, in the editor, Edit -> Project Settings -> Plugins -> Magic Leap Plugin -> Enable Zero Iteration
[2021.01.03-06.21.27:298][  0]LogStats: UGameplayTagsManager::InitializeManager -  0.000 s
[2021.01.03-06.21.27:406][  0]LogInit: Initializing FReadOnlyCVARCache
[2021.01.03-06.21.27:441][  0]LogAIModule: Creating AISystem for world Untitled
[2021.01.03-06.21.27:441][  0]LogAISub: UAISubsystem::UAISubsystem EnvQueryManager (000001BD16DABC00), frame # 0
[2021.01.03-06.21.27:441][  0]LogAISub: UAISubsystem::UAISubsystem AIPerceptionSystem (000001BD16E74900), frame # 0
[2021.01.03-06.21.27:447][  0]LogAudioMixer: Display: Audio Mixer Platform Settings:
[2021.01.03-06.21.27:447][  0]LogAudioMixer: Display: 	Sample Rate:						  48000
[2021.01.03-06.21.27:447][  0]LogAudioMixer: Display: 	Callback Buffer Frame Size Requested: 1024
[2021.01.03-06.21.27:447][  0]LogAudioMixer: Display: 	Callback Buffer Frame Size To Use:	  1024
[2021.01.03-06.21.27:447][  0]LogAudioMixer: Display: 	Number of buffers to queue:			  2
[2021.01.03-06.21.27:447][  0]LogAudioMixer: Display: 	Max Channels (voices):				  32
[2021.01.03-06.21.27:447][  0]LogAudioMixer: Display: 	Number of Async Source Workers:		  0
[2021.01.03-06.21.27:447][  0]LogAudio: Display: AudioDevice MaxSources: 32
[2021.01.03-06.21.27:447][  0]LogAudio: Display: Using built-in audio occlusion.
[2021.01.03-06.21.27:447][  0]LogAudioMixer: Display: Initializing audio mixer.
[2021.01.03-06.21.27:465][  0]LogAudioMixer: Display: 0: FrontLeft
[2021.01.03-06.21.27:465][  0]LogAudioMixer: Display: 1: FrontRight
[2021.01.03-06.21.27:465][  0]LogAudioMixer: Display: 2: FrontCenter
[2021.01.03-06.21.27:465][  0]LogAudioMixer: Display: 3: LowFrequency
[2021.01.03-06.21.27:465][  0]LogAudioMixer: Display: 4: BackLeft
[2021.01.03-06.21.27:465][  0]LogAudioMixer: Display: 5: BackRight
[2021.01.03-06.21.27:465][  0]LogAudioMixer: Display: 6: SideLeft
[2021.01.03-06.21.27:465][  0]LogAudioMixer: Display: 7: SideRight
[2021.01.03-06.21.27:498][  0]LogAudioMixer: Display: Using Audio Device Headset Earphone (CORSAIR VOID ELITE Wireless Gaming Headset)
[2021.01.03-06.21.27:500][  0]LogAudioMixer: Display: Initializing Sound Submixes...
[2021.01.03-06.21.27:502][  0]LogAudioMixer: Display: Creating Master Submix 'MasterSubmixDefault'
[2021.01.03-06.21.27:502][  0]LogAudioMixer: Display: Creating Master Submix 'MasterReverbSubmixDefault'
[2021.01.03-06.21.27:503][  0]LogAudioMixer: Display: Creating Master Submix 'MasterEQSubmixDefault'
[2021.01.03-06.21.27:504][  0]LogInit: FAudioDevice initialized.
[2021.01.03-06.21.27:505][  0]LogNetVersion: Set ProjectVersion to 1.0.0.0. Version Checksum will be recalculated on next use.
[2021.01.03-06.21.27:592][  0]LogDerivedDataCache: Saved boot cache 0.09s 75MB C:/Users/Zac/AppData/Local/UnrealEngine/4.25/DerivedDataCache/Boot.ddc.
[2021.01.03-06.21.27:597][  0]LogInit: Texture streaming: Enabled
[2021.01.03-06.21.27:617][  0]LogEngineSessionManager: EngineSessionManager initialized
[2021.01.03-06.21.27:617][  0]LogEditorSessionSummary: Verbose: Initializing EditorSessionSummaryWriter for editor session tracking
[2021.01.03-06.21.27:619][  0]LogEditorSessionSummary: EditorSessionSummaryWriter initialized
[2021.01.03-06.21.28:049][  0]LogInit: Transaction tracking system initialized
[2021.01.03-06.21.28:074][  0]BlueprintLog: New page: Editor Load
[2021.01.03-06.21.28:156][  0]LocalizationService: Localization service is disabled
[2021.01.03-06.21.28:479][  0]LogCook: Display: Max memory allowance for cook 16384mb min free memory 0mb
[2021.01.03-06.21.28:479][  0]LogCook: Display: Mobile HDR setting 1
[2021.01.03-06.21.28:583][  0]LogFileCache: Scanning file cache for directory 'D:/Game_Dev/timecontrol/Content/' took 0.03s
[2021.01.03-06.21.28:820][  0]SourceControl: Source control is disabled
[2021.01.03-06.21.28:820][  0]LogUnrealEdMisc: Loading editor; pre map load, took 11.047
[2021.01.03-06.21.28:821][  0]Cmd: MAP LOAD FILE="D:/Game_Dev/timecontrol/Content/FirstPersonBP/Maps/FirstPersonExampleMap.umap" TEMPLATE=0 SHOWPROGRESS=1 FEATURELEVEL=3
[2021.01.03-06.21.28:821][  0]LightingResults: New page: Lighting Build
[2021.01.03-06.21.28:822][  0]LogWorld: UWorld::CleanupWorld for Untitled, bSessionEnded=true, bCleanupResources=true
[2021.01.03-06.21.28:822][  0]LogSlate: InvalidateAllWidgets triggered.  All widgets were invalidated
[2021.01.03-06.21.28:822][  0]MapCheck: New page: Map Check
[2021.01.03-06.21.28:822][  0]LightingResults: New page: Lighting Build
[2021.01.03-06.21.28:834][  0]LogAISub: UAISubsystem::~UAISubsystem EnvQueryManager (000001BD16DABC00), frame # 0
[2021.01.03-06.21.28:835][  0]LogAISub: UAISubsystem::~UAISubsystem AIPerceptionSystem (000001BD16E74900), frame # 0
[2021.01.03-06.21.28:835][  0]LogUObjectHash: Compacting FUObjectHashTables data took   0.70ms
[2021.01.03-06.21.31:037][  0]LogAIModule: Creating AISystem for world FirstPersonExampleMap
[2021.01.03-06.21.31:037][  0]LogAISub: UAISubsystem::UAISubsystem EnvQueryManager (000001BD24C57200), frame # 0
[2021.01.03-06.21.31:037][  0]LogAISub: UAISubsystem::UAISubsystem AIPerceptionSystem (000001BD24BDA840), frame # 0
[2021.01.03-06.21.31:062][  0]LogEditorServer: Finished looking for orphan Actors (0.000 secs)
[2021.01.03-06.21.31:102][  0]LogUObjectHash: Compacting FUObjectHashTables data took   1.01ms
[2021.01.03-06.21.31:102][  0]Cmd: MAP CHECKDEP NOCLEARLOG
[2021.01.03-06.21.31:102][  0]MapCheck: Map check complete: 0 Error(s), 0 Warning(s), took 0.128ms to complete.
[2021.01.03-06.21.31:102][  0]LogFileHelpers: Loading map 'FirstPersonExampleMap' took 2.282
[2021.01.03-06.21.31:104][  0]LogUnrealEdMisc: Total Editor Startup Time, took 13.331
[2021.01.03-06.21.31:265][  0]LogSlate: Updating window title bar state: overlay mode, drag disabled, window buttons hidden, title bar hidden
[2021.01.03-06.21.31:272][  0]LogSlate: Updating window title bar state: overlay mode, drag disabled, window buttons hidden, title bar hidden
[2021.01.03-06.21.31:279][  0]LogSlate: Updating window title bar state: overlay mode, drag disabled, window buttons hidden, title bar hidden
[2021.01.03-06.21.31:285][  0]LogSlate: Updating window title bar state: overlay mode, drag disabled, window buttons hidden, title bar hidden
[2021.01.03-06.21.31:293][  0]LogCollectionManager: Loaded 0 collections in 0.001928 seconds
[2021.01.03-06.21.31:308][  0]LogFileCache: Scanning file cache for directory 'D:/Game_Dev/timecontrol/Saved/Collections/' took 0.00s
[2021.01.03-06.21.31:308][  0]LogFileCache: Scanning file cache for directory 'D:/Game_Dev/timecontrol/Content/Developers/Zac/Collections/' took 0.00s
[2021.01.03-06.21.31:308][  0]LogFileCache: Scanning file cache for directory 'D:/Game_Dev/timecontrol/Content/Collections/' took 0.00s
[2021.01.03-06.21.31:308][  0]LogContentBrowser: Native class hierarchy populated in 0.0102 seconds. Added 3427 classes and 821 folders.
[2021.01.03-06.21.31:311][  0]LogContentBrowser: Native class hierarchy updated for 'WidgetCarousel' in 0.0003 seconds. Added 0 classes and 0 folders.
[2021.01.03-06.21.31:399][  0]LogContentBrowser: Native class hierarchy updated for 'AddContentDialog' in 0.0003 seconds. Added 0 classes and 0 folders.
[2021.01.03-06.21.31:400][  0]LogContentBrowser: Native class hierarchy updated for 'SceneOutliner' in 0.0002 seconds. Added 2 classes and 0 folders.
[2021.01.03-06.21.31:433][  0]LogSlate: Took 0.000381 seconds to synchronously load lazily loaded font '../../../Engine/Content/Slate/Fonts/Roboto-Regular.ttf' (155K)
[2021.01.03-06.21.31:435][  0]LogSlate: Took 0.000300 seconds to synchronously load lazily loaded font '../../../Engine/Content/Slate/Fonts/Roboto-Bold.ttf' (160K)
[2021.01.03-06.21.31:439][  0]LogSlate: Took 0.000220 seconds to synchronously load lazily loaded font '../../../Engine/Content/Editor/Slate/Fonts/FontAwesome.ttf' (139K)
[2021.01.03-06.21.31:500][  0]LogRenderer: Reallocating scene render targets to support 1616x572 Format 10 NumSamples 1 (Frame:1).
[2021.01.03-06.21.31:720][  0]LogContentBrowser: Native class hierarchy updated for 'HierarchicalLODOutliner' in 0.0003 seconds. Added 0 classes and 0 folders.
[2021.01.03-06.21.31:720][  0]LogLoad: (Engine Initialization) Total time: 13.95 seconds
[2021.01.03-06.21.31:720][  0]LogLoad: (Engine Initialization) Total Blueprint compile time: 0.00 seconds
[2021.01.03-06.21.31:780][  0]LogContentStreaming: Texture pool size now 1000 MB
[2021.01.03-06.21.31:787][  0]LogSlate: Took 0.000321 seconds to synchronously load lazily loaded font '../../../Engine/Content/Slate/Fonts/Roboto-Light.ttf' (167K)
[2021.01.03-06.21.31:829][  1]LogAssetRegistry: Asset discovery search completed in 7.3044 seconds
[2021.01.03-06.21.31:833][  1]LogCollectionManager: Fixed up redirectors for 0 collections in 0.000002 seconds (updated 0 objects)
[2021.01.03-06.22.55:615][695]LogSlate: Window 'Source Control Login' being destroyed
[2021.01.03-06.23.10:432][362]SourceControl: fatal: F:/UE/UE_4.25/Engine/Content: 'F:/UE/UE_4.25/Engine/Content' is outside repository at 'D:/Game_Dev'
[2021.01.03-06.23.10:433][362]SourceControl: fatal: F:/UE/UE_4.25/Engine/Plugins/2D/Paper2D/Content: 'F:/UE/UE_4.25/Engine/Plugins/2D/Paper2D/Content' is outside repository at 'D:/Game_Dev'
[2021.01.03-06.23.10:433][362]SourceControl: fatal: F:/UE/UE_4.25/Engine/Plugins/Developer/AnimationSharing/Content: 'F:/UE/UE_4.25/Engine/Plugins/Developer/AnimationSharing/Content' is outside repository at 'D:/Game_Dev'
[2021.01.03-06.23.10:433][362]SourceControl: fatal: F:/UE/UE_4.25/Engine/Plugins/Editor/GeometryMode/Content: 'F:/UE/UE_4.25/Engine/Plugins/Editor/GeometryMode/Content' is outside repository at 'D:/Game_Dev'
[2021.01.03-06.23.10:433][362]SourceControl: fatal: F:/UE/UE_4.25/Engine/Plugins/Enterprise/DatasmithContent/Content: 'F:/UE/UE_4.25/Engine/Plugins/Enterprise/DatasmithContent/Content' is outside repository at 'D:/Game_Dev'
[2021.01.03-06.23.10:433][362]SourceControl: fatal: F:/UE/UE_4.25/Engine/Plugins/Experimental/ChaosClothEditor/Content: 'F:/UE/UE_4.25/Engine/Plugins/Experimental/ChaosClothEditor/Content' is outside repository at 'D:/Game_Dev'
[2021.01.03-06.23.10:433][362]SourceControl: fatal: F:/UE/UE_4.25/Engine/Plugins/Experimental/ChaosNiagara/Content: 'F:/UE/UE_4.25/Engine/Plugins/Experimental/ChaosNiagara/Content' is outside repository at 'D:/Game_Dev'
[2021.01.03-06.23.10:433][362]SourceControl: fatal: F:/UE/UE_4.25/Engine/Plugins/Experimental/ChaosSolverPlugin/Content: 'F:/UE/UE_4.25/Engine/Plugins/Experimental/ChaosSolverPlugin/Content' is outside repository at 'D:/Game_Dev'
[2021.01.03-06.23.10:433][362]SourceControl: fatal: F:/UE/UE_4.25/Engine/Plugins/Experimental/GeometryCollectionPlugin/Content: 'F:/UE/UE_4.25/Engine/Plugins/Experimental/GeometryCollectionPlugin/Content' is outside repository at 'D:/Game_Dev'
[2021.01.03-06.23.10:433][362]SourceControl: fatal: F:/UE/UE_4.25/Engine/Plugins/Experimental/GeometryProcessing/Content: 'F:/UE/UE_4.25/Engine/Plugins/Experimental/GeometryProcessing/Content' is outside repository at 'D:/Game_Dev'
[2021.01.03-06.23.10:433][362]SourceControl: fatal: F:/UE/UE_4.25/Engine/Plugins/FX/Niagara/Content: 'F:/UE/UE_4.25/Engine/Plugins/FX/Niagara/Content' is outside repository at 'D:/Game_Dev'
[2021.01.03-06.23.10:433][362]SourceControl: fatal: F:/UE/UE_4.25/Engine/Plugins/Lumin/MagicLeap/Content: 'F:/UE/UE_4.25/Engine/Plugins/Lumin/MagicLeap/Content' is outside repository at 'D:/Game_Dev'
[2021.01.03-06.23.10:433][362]SourceControl: fatal: F:/UE/UE_4.25/Engine/Plugins/Lumin/MagicLeapPassableWorld/Content: 'F:/UE/UE_4.25/Engine/Plugins/Lumin/MagicLeapPassableWorld/Content' is outside repository at 'D:/Game_Dev'
[2021.01.03-06.23.10:433][362]SourceControl: fatal: F:/UE/UE_4.25/Engine/Plugins/Media/MediaCompositing/Content: 'F:/UE/UE_4.25/Engine/Plugins/Media/MediaCompositing/Content' is outside repository at 'D:/Game_Dev'
[2021.01.03-06.23.10:433][362]SourceControl: fatal: F:/UE/UE_4.25/Engine/Plugins/MovieScene/MovieRenderPipeline/Content: 'F:/UE/UE_4.25/Engine/Plugins/MovieScene/MovieRenderPipeline/Content' is outside repository at 'D:/Game_Dev'
[2021.01.03-06.23.10:433][362]SourceControl: fatal: F:/UE/UE_4.25/Engine/Plugins/Runtime/Oculus/OculusVR/Content: 'F:/UE/UE_4.25/Engine/Plugins/Runtime/Oculus/OculusVR/Content' is outside repository at 'D:/Game_Dev'
[2021.01.03-06.23.10:433][362]SourceControl: fatal: F:/UE/UE_4.25/Engine/Plugins/Runtime/PostSplashScreen/Content: 'F:/UE/UE_4.25/Engine/Plugins/Runtime/PostSplashScreen/Content' is outside repository at 'D:/Game_Dev'
[2021.01.03-06.23.10:433][362]SourceControl: fatal: F:/UE/UE_4.25/Engine/Plugins/Runtime/Steam/SteamVR/Content: 'F:/UE/UE_4.25/Engine/Plugins/Runtime/Steam/SteamVR/Content' is outside repository at 'D:/Game_Dev'
[2021.01.03-06.23.10:686][362]LogPackageName: Error: Illegal call to DoesPackageExist: 'D:/Game_Dev/timecontrol/timecontrol.uproject' is not a standard unreal filename or a long path name. Reason: Path should start with a '/'
[2021.01.03-06.23.10:726][362]LogOutputDevice: Warning: 

Script Stack (0 frames):

[2021.01.03-06.23.13:009][362]LogStats: FPlatformStackWalk::StackWalkAndDump -  2.283 s
[2021.01.03-06.23.13:009][362]LogOutputDevice: Error: === Handled ensure: ===
[2021.01.03-06.23.13:009][362]LogOutputDevice: Error: 
[2021.01.03-06.23.13:009][362]LogOutputDevice: Error: Ensure condition failed: false [File:D:/Build/++UE4+Licensee/Sync/Engine/Source/Runtime/CoreUObject/Private/Misc/PackageName.cpp] [Line: 943]
[2021.01.03-06.23.13:009][362]LogOutputDevice: Error: Illegal call to DoesPackageExist: 'D:/Game_Dev/timecontrol/timecontrol.uproject' is not a standard unreal filename or a long path name. Reason: Path should start with a '/'
[2021.01.03-06.23.13:009][362]LogOutputDevice: Error: Stack: 
[2021.01.03-06.23.13:009][362]LogOutputDevice: Error: [Callstack] 0x00007ffdc4e8b5e7 UE4Editor-CoreUObject.dll!UnknownFunction []
[2021.01.03-06.23.13:009][362]LogOutputDevice: Error: [Callstack] 0x00007ffdc4a60354 UE4Editor-CoreUObject.dll!UnknownFunction []
[2021.01.03-06.23.13:009][362]LogOutputDevice: Error: [Callstack] 0x00007ffdb44e715c UE4Editor-SourceControl.dll!UnknownFunction []
[2021.01.03-06.23.13:009][362]LogOutputDevice: Error: [Callstack] 0x00007ffdb44e729b UE4Editor-SourceControl.dll!UnknownFunction []
[2021.01.03-06.23.13:009][362]LogOutputDevice: Error: [Callstack] 0x00007ffdb13c54fc UE4Editor-SourceControlWindows.dll!UnknownFunction []
[2021.01.03-06.23.13:009][362]LogOutputDevice: Error: [Callstack] 0x00007ffdb137a1ea UE4Editor-SourceControlWindows.dll!UnknownFunction []
[2021.01.03-06.23.13:009][362]LogOutputDevice: Error: [Callstack] 0x00007ffdb1379d0b UE4Editor-SourceControlWindows.dll!UnknownFunction []
[2021.01.03-06.23.13:009][362]LogOutputDevice: Error: [Callstack] 0x00007ffdb1392b6e UE4Editor-SourceControlWindows.dll!UnknownFunction []
[2021.01.03-06.23.13:009][362]LogOutputDevice: Error: [Callstack] 0x00007ffda4e4c456 UE4Editor-GitSourceControl.dll!UnknownFunction []
[2021.01.03-06.23.13:009][362]LogOutputDevice: Error: [Callstack] 0x00007ffda4e51702 UE4Editor-GitSourceControl.dll!UnknownFunction []
[2021.01.03-06.23.13:009][362]LogOutputDevice: Error: [Callstack] 0x00007ffdb44ebc4f UE4Editor-SourceControl.dll!UnknownFunction []
[2021.01.03-06.23.13:009][362]LogOutputDevice: Error: [Callstack] 0x00007ffdb7adb66e UE4Editor-UnrealEd.dll!UnknownFunction []
[2021.01.03-06.23.13:009][362]LogOutputDevice: Error: [Callstack] 0x00007ffdb83b1d06 UE4Editor-UnrealEd.dll!UnknownFunction []
[2021.01.03-06.23.13:009][362]LogOutputDevice: Error: [Callstack] 0x00007ff69c867800 UE4Editor.exe!UnknownFunction []
[2021.01.03-06.23.13:009][362]LogOutputDevice: Error: [Callstack] 0x00007ff69c87ba7c UE4Editor.exe!UnknownFunction []
[2021.01.03-06.23.13:009][362]LogOutputDevice: Error: [Callstack] 0x00007ff69c87bb5a UE4Editor.exe!UnknownFunction []
[2021.01.03-06.23.13:009][362]LogOutputDevice: Error: [Callstack] 0x00007ff69c88e31d UE4Editor.exe!UnknownFunction []
[2021.01.03-06.23.13:009][362]LogOutputDevice: Error: [Callstack] 0x00007ff69c89145a UE4Editor.exe!UnknownFunction []
[2021.01.03-06.23.13:009][362]LogOutputDevice: Error: [Callstack] 0x00007ffe35cf7c24 KERNEL32.DLL!UnknownFunction []
[2021.01.03-06.23.13:009][362]LogOutputDevice: Error: [Callstack] 0x00007ffe360ed4d1 ntdll.dll!UnknownFunction []
[2021.01.03-06.23.13:009][362]LogOutputDevice: Error: 
[2021.01.03-06.23.13:033][362]LogStats:                SubmitErrorReport -  0.000 s
[2021.01.03-06.23.23:771][362]LogStats:                    SendNewReport - 10.738 s
[2021.01.03-06.23.23:771][362]LogStats:             FDebug::EnsureFailed - 13.045 s
[2021.01.03-06.24.29:138][362]LogSlate: Window 'Submit Files' being destroyed
[2021.01.03-06.24.33:822][779]LogTemp: Repeating last play command: Selected Viewport
[2021.01.03-06.24.33:891][779]LogPlayLevel: PlayLevel: No blueprints needed recompiling
[2021.01.03-06.24.33:891][779]PIE: New page: PIE session: FirstPersonExampleMap (3 Jan 2021, 06:24:33)
[2021.01.03-06.24.33:892][779]LogOnline: OSS: Creating online subsystem instance for: NULL
[2021.01.03-06.24.33:893][779]LogOnline: OSS: TryLoadSubsystemAndSetDefault: Loaded subsystem for module [NULL]
[2021.01.03-06.24.33:893][779]LogPlayLevel: Creating play world package: /Game/FirstPersonBP/Maps/UEDPIE_0_FirstPersonExampleMap
[2021.01.03-06.24.33:909][779]LogPlayLevel: PIE: StaticDuplicateObject took: (0.015109s)
[2021.01.03-06.24.33:910][779]LogAIModule: Creating AISystem for world FirstPersonExampleMap
[2021.01.03-06.24.33:910][779]LogAISub: UAISubsystem::UAISubsystem EnvQueryManager (000001BD2F9EBE00), frame # 3779
[2021.01.03-06.24.33:910][779]LogAISub: UAISubsystem::UAISubsystem AIPerceptionSystem (000001BD04B787C0), frame # 3779
[2021.01.03-06.24.33:911][779]LogPlayLevel: PIE: World Init took: (0.001445s)
[2021.01.03-06.24.33:911][779]LogPlayLevel: PIE: Created PIE world by copying editor world from /Game/FirstPersonBP/Maps/FirstPersonExampleMap.FirstPersonExampleMap to /Game/FirstPersonBP/Maps/UEDPIE_0_FirstPersonExampleMap.FirstPersonExampleMap (0.016739s)
[2021.01.03-06.24.33:923][779]LogUObjectHash: Compacting FUObjectHashTables data took   0.66ms
[2021.01.03-06.24.33:925][779]LogAudioMixer: Display: Audio Mixer Platform Settings:
[2021.01.03-06.24.33:925][779]LogAudioMixer: Display: 	Sample Rate:						  48000
[2021.01.03-06.24.33:925][779]LogAudioMixer: Display: 	Callback Buffer Frame Size Requested: 1024
[2021.01.03-06.24.33:925][779]LogAudioMixer: Display: 	Callback Buffer Frame Size To Use:	  1024
[2021.01.03-06.24.33:925][779]LogAudioMixer: Display: 	Number of buffers to queue:			  2
[2021.01.03-06.24.33:925][779]LogAudioMixer: Display: 	Max Channels (voices):				  32
[2021.01.03-06.24.33:925][779]LogAudioMixer: Display: 	Number of Async Source Workers:		  0
[2021.01.03-06.24.33:925][779]LogAudio: Display: AudioDevice MaxSources: 32
[2021.01.03-06.24.33:926][779]LogAudio: Display: Using built-in audio occlusion.
[2021.01.03-06.24.33:926][779]LogAudioMixer: Display: Initializing audio mixer.
[2021.01.03-06.24.33:933][779]LogAudioMixer: Display: 0: FrontLeft
[2021.01.03-06.24.33:933][779]LogAudioMixer: Display: 1: FrontRight
[2021.01.03-06.24.33:933][779]LogAudioMixer: Display: 2: FrontCenter
[2021.01.03-06.24.33:933][779]LogAudioMixer: Display: 3: LowFrequency
[2021.01.03-06.24.33:933][779]LogAudioMixer: Display: 4: BackLeft
[2021.01.03-06.24.33:933][779]LogAudioMixer: Display: 5: BackRight
[2021.01.03-06.24.33:933][779]LogAudioMixer: Display: 6: SideLeft
[2021.01.03-06.24.33:933][779]LogAudioMixer: Display: 7: SideRight
[2021.01.03-06.24.33:952][779]LogAudioMixer: Display: Using Audio Device Headset Earphone (CORSAIR VOID ELITE Wireless Gaming Headset)
[2021.01.03-06.24.33:952][779]LogAudioMixer: Display: Initializing Sound Submixes...
[2021.01.03-06.24.33:952][779]LogAudioMixer: Display: Creating Master Submix 'MasterSubmixDefault'
[2021.01.03-06.24.33:952][779]LogAudioMixer: Display: Creating Master Submix 'MasterReverbSubmixDefault'
[2021.01.03-06.24.33:953][779]LogAudioMixer: Display: Creating Master Submix 'MasterEQSubmixDefault'
[2021.01.03-06.24.33:966][779]LogInit: FAudioDevice initialized.
[2021.01.03-06.24.33:976][779]LogLoad: Game class is 'FirstPersonGameMode_C'
[2021.01.03-06.24.33:981][779]LogWorld: Bringing World /Game/FirstPersonBP/Maps/UEDPIE_0_FirstPersonExampleMap.FirstPersonExampleMap up for play (max tick rate 0) at 2021.01.03-06.24.33
[2021.01.03-06.24.33:982][779]LogWorld: Bringing up level for play took: 0.004318
[2021.01.03-06.24.33:982][779]LogOnline: OSS: Creating online subsystem instance for: :Context_1
[2021.01.03-06.24.33:985][779]LogContentBrowser: Native class hierarchy updated for 'MovieSceneCapture' in 0.0004 seconds. Added 20 classes and 0 folders.
[2021.01.03-06.24.33:988][779]PIE: Server logged in
[2021.01.03-06.24.33:988][779]PIE: Play in editor total start time 0.098 seconds.
[2021.01.03-06.24.44:085][972]LogSlate: Updating window title bar state: overlay mode, drag disabled, window buttons hidden, title bar hidden
[2021.01.03-06.24.44:085][972]LogWorld: BeginTearingDown for /Game/FirstPersonBP/Maps/UEDPIE_0_FirstPersonExampleMap
[2021.01.03-06.24.44:085][972]LogWorld: UWorld::CleanupWorld for FirstPersonExampleMap, bSessionEnded=true, bCleanupResources=true
[2021.01.03-06.24.44:086][972]LogSlate: InvalidateAllWidgets triggered.  All widgets were invalidated
[2021.01.03-06.24.44:094][972]LogPlayLevel: Display: Shutting down PIE online subsystems
[2021.01.03-06.24.44:096][972]LogSlate: InvalidateAllWidgets triggered.  All widgets were invalidated
[2021.01.03-06.24.44:121][972]LogSlate: Updating window title bar state: overlay mode, drag disabled, window buttons hidden, title bar hidden
[2021.01.03-06.24.44:122][972]LogAISub: UAISubsystem::~UAISubsystem AIPerceptionSystem (000001BD04B787C0), frame # 4972
[2021.01.03-06.24.44:122][972]LogAISub: UAISubsystem::~UAISubsystem EnvQueryManager (000001BD2F9EBE00), frame # 4972
[2021.01.03-06.24.44:123][972]LogUObjectHash: Compacting FUObjectHashTables data took   0.68ms
[2021.01.03-06.24.44:204][973]LogPlayLevel: Display: Destroying online subsystem :Context_1
[2021.01.03-06.24.52:021][827]LogSlate: Took 0.000308 seconds to synchronously load lazily loaded font '../../../Engine/Content/Slate/Fonts/DroidSansMono.ttf' (77K)
[2021.01.03-06.25.06:381][424]LogSlate: Window 'Source Control Login' being destroyed
